<?xml version="1.0" encoding="UTF-8"?>
<!-- Generated by org.testng.reporters.JUnitXMLReporter -->
<testsuite hostname="Unni-PC" ignored="0" name="Default test" tests="3" failures="0" timestamp="2020-03-16T16:39:44 IST" time="19.76" errors="0">
  <testcase name="dummyfunction1" time="0.006" classname="com.test.via.TestBookFlights"/>
  <testcase name="testfunction" time="15.367" classname="com.test.via.TestBookFlights"/>
  <testcase name="dummyfunction2" time="0.001" classname="com.test.via.TestBookFlights"/>
</testsuite> <!-- Default test -->
