<?xml version="1.0" encoding="UTF-8"?>
<!-- Generated by org.testng.reporters.JUnitXMLReporter -->
<testsuite hostname="Unni-PC" ignored="0" name="Test" tests="4" failures="1" timestamp="2020-03-16T16:41:42 IST" time="19.378" errors="0">
  <testcase name="dummyfunction1" time="0.0" classname="com.test.via.TestBookFlights">
    <failure type="org.testng.TestNGException" message="
Cannot inject @Test annotated Method [dummyfunction1] with [class java.lang.String, class java.lang.String].
For more information on native dependency injection please refer to http://testng.org/doc/documentation-main.html#native-dependency-injection">
      <![CDATA[org.testng.TestNGException: 
Cannot inject @Test annotated Method [dummyfunction1] with [class java.lang.String, class java.lang.String].
For more information on native dependency injection please refer to http://testng.org/doc/documentation-main.html#native-dependency-injection
at java.util.ArrayList.forEach(Unknown Source)
... Removed 26 stack frames]]>
    </failure>
  </testcase> <!-- dummyfunction1 -->
  <testcase name="testfunction" time="14.895" classname="com.test.via.TestBookFlights"/>
  <testcase name="dummyfunction2" time="0.0" classname="com.test.via.TestBookFlights">
    <skipped/>
  </testcase> <!-- dummyfunction2 -->
  <testcase name="dummyfunction3" time="0.003" classname="com.test.via.TestClass"/>
</testsuite> <!-- Test -->
